This file contains any messages produced by compilers while
running configure, to aid debugging if configure makes a mistake.

configure:531: checking how to run the C preprocessor
configure:552: cc -E  conftest.c >/dev/null 2>conftest.out
configure:611: checking for ANSI C header files
configure:624: cc -E  conftest.c >/dev/null 2>conftest.out
configure:691: cc -o conftest    conftest.c  1>&5
configure:715: checking for sys/wait.h that is POSIX.1 compatible
configure:736: cc -c   conftest.c 1>&5
configure:760: checking for fcntl.h
configure:770: cc -E  conftest.c >/dev/null 2>conftest.out
configure:760: checking for sys/ioctl.h
configure:770: cc -E  conftest.c >/dev/null 2>conftest.out
configure:760: checking for sys/time.h
configure:770: cc -E  conftest.c >/dev/null 2>conftest.out
configure:760: checking for syslog.h
configure:770: cc -E  conftest.c >/dev/null 2>conftest.out
configure:760: checking for unistd.h
configure:770: cc -E  conftest.c >/dev/null 2>conftest.out
configure:798: checking for working const
configure:852: cc -c   conftest.c 1>&5
configure:873: checking for pid_t
configure:906: checking whether time.h and sys/time.h may both be included
configure:920: cc -c   conftest.c 1>&5
configure:941: checking whether struct tm is in sys/time.h or time.h
configure:954: cc -c   conftest.c 1>&5
configure:987: cc -c   conftest.c 1>&5
configure:1008: checking for gcc
configure:1121: checking whether the C compiler (gcc  ) works
configure:1137: gcc -o conftest    conftest.c  1>&5
configure:1163: checking whether the C compiler (gcc  ) is a cross-compiler
configure:1168: checking whether we are using GNU C
configure:1177: gcc -E conftest.c
configure:1196: checking whether gcc accepts -g
configure:1229: checking whether gcc needs -traditional
configure:1275: checking for 8-bit clean memcmp
configure:1293: gcc -o conftest -g -O2   conftest.c  1>&5
configure:1311: checking whether setvbuf arguments are reversed
configure:1333: gcc -o conftest -g -O2   conftest.c  1>&5
configure: In function `main':
configure:1326: warning: passing arg 2 of `setvbuf' makes pointer from integer without a cast
configure:1326: warning: passing arg 3 of `setvbuf' makes integer from pointer without a cast
configure: failed program was:
#line 1319 "configure"
#include "confdefs.h"
#include <stdio.h>
/* If setvbuf has the reversed format, exit 0. */
main () {
  /* This call has the arguments reversed.
     A reversed system may check and see that the address of main
     is not _IOLBF, _IONBF, or _IOFBF, and return nonzero.  */
  if (setvbuf(stdout, _IOLBF, (char *) main, BUFSIZ) != 0)
    exit(1);
  putc('\r', stdout);
  exit(0);			/* Non-reversed systems segv here.  */
}
configure:1357: checking return type of signal handlers
configure:1379: gcc -c -g -O2  conftest.c 1>&5
configure:1400: checking for select
configure:1428: gcc -o conftest -g -O2   conftest.c  1>&5
configure:1400: checking for socket
configure:1428: gcc -o conftest -g -O2   conftest.c  1>&5
configure:1400: checking for strerror
configure:1428: gcc -o conftest -g -O2   conftest.c  1>&5
configure:1400: checking for strtol
configure:1428: gcc -o conftest -g -O2   conftest.c  1>&5
